# JRE version: OpenJDK Runtime Environment (8.0_152-b01) (build 1.8.0_152-release-915-b01)
# Java VM: OpenJDK 64-Bit Server VM (25.152-b01 mixed mode windows-amd64 compressed oops)
Heap:
 PSYoungGen      total 97280K, used 59080K [0x00000000e0000000, 0x00000000e8380000, 0x0000000100000000)
  eden space 82432K, 53% used [0x00000000e0000000,0x00000000e2b34470,0x00000000e5080000)
  from space 14848K, 99% used [0x00000000e5080000,0x00000000e5efdbb8,0x00000000e5f00000)
  to   space 18944K, 0% used [0x00000000e7100000,0x00000000e7100000,0x00000000e8380000)
 ParOldGen       total 115712K, used 23631K [0x00000000a0000000, 0x00000000a7100000, 0x00000000e0000000)
  object space 115712K, 20% used [0x00000000a0000000,0x00000000a1713da8,0x00000000a7100000)
 Metaspace       used 54707K, capacity 56530K, committed 56792K, reserved 1097728K
  class space    used 7373K, capacity 7828K, committed 7896K, reserved 1048576K
GC Heap History (10 events):
Event: 10.008 GC heap before
{Heap before GC invocations=11 (full 2):
 PSYoungGen      total 71168K, used 9701K [0x00000000e0000000, 0x00000000e5f80000, 0x0000000100000000)
  eden space 60928K, 0% used [0x00000000e0000000,0x00000000e0000000,0x00000000e3b80000)
  from space 10240K, 94% used [0x00000000e3b80000,0x00000000e44f95b0,0x00000000e4580000)
  to   space 11264K, 0% used [0x00000000e5480000,0x00000000e5480000,0x00000000e5f80000)
 ParOldGen       total 70656K, used 9134K [0x00000000a0000000, 0x00000000a4500000, 0x00000000e0000000)
  object space 70656K, 12% used [0x00000000a0000000,0x00000000a08eb8c0,0x00000000a4500000)
 Metaspace       used 34513K, capacity 35230K, committed 35416K, reserved 1079296K
  class space    used 4679K, capacity 4925K, committed 4952K, reserved 1048576K
Event: 10.184 GC heap after
Heap after GC invocations=11 (full 2):
 PSYoungGen      total 71168K, used 0K [0x00000000e0000000, 0x00000000e5f80000, 0x0000000100000000)
  eden space 60928K, 0% used [0x00000000e0000000,0x00000000e0000000,0x00000000e3b80000)
  from space 10240K, 0% used [0x00000000e3b80000,0x00000000e3b80000,0x00000000e4580000)
  to   space 11264K, 0% used [0x00000000e5480000,0x00000000e5480000,0x00000000e5f80000)
 ParOldGen       total 115712K, used 15894K [0x00000000a0000000, 0x00000000a7100000, 0x00000000e0000000)
  object space 115712K, 13% used [0x00000000a0000000,0x00000000a0f85a40,0x00000000a7100000)
 Metaspace       used 34513K, capacity 35230K, committed 35416K, reserved 1079296K
  class space    used 4679K, capacity 4925K, committed 4952K, reserved 1048576K
}
Event: 11.412 GC heap before
{Heap before GC invocations=12 (full 2):
 PSYoungGen      total 71168K, used 60928K [0x00000000e0000000, 0x00000000e5f80000, 0x0000000100000000)
  eden space 60928K, 100% used [0x00000000e0000000,0x00000000e3b80000,0x00000000e3b80000)
  from space 10240K, 0% used [0x00000000e3b80000,0x00000000e3b80000,0x00000000e4580000)
  to   space 11264K, 0% used [0x00000000e5480000,0x00000000e5480000,0x00000000e5f80000)
 ParOldGen       total 115712K, used 15894K [0x00000000a0000000, 0x00000000a7100000, 0x00000000e0000000)
  object space 115712K, 13% used [0x00000000a0000000,0x00000000a0f85a40,0x00000000a7100000)
 Metaspace       used 39097K, capacity 39884K, committed 40280K, reserved 1083392K
  class space    used 5206K, capacity 5430K, committed 5464K, reserved 1048576K
Event: 11.419 GC heap after
Heap after GC invocations=12 (full 2):
 PSYoungGen      total 79360K, used 5193K [0x00000000e0000000, 0x00000000e5c00000, 0x0000000100000000)
  eden space 71680K, 0% used [0x00000000e0000000,0x00000000e0000000,0x00000000e4600000)
  from space 7680K, 67% used [0x00000000e5480000,0x00000000e5992690,0x00000000e5c00000)
  to   space 11264K, 0% used [0x00000000e4600000,0x00000000e4600000,0x00000000e5100000)
 ParOldGen       total 115712K, used 15902K [0x00000000a0000000, 0x00000000a7100000, 0x00000000e0000000)
  object space 115712K, 13% used [0x00000000a0000000,0x00000000a0f87a40,0x00000000a7100000)
 Metaspace       used 39097K, capacity 39884K, committed 40280K, reserved 1083392K
  class space    used 5206K, capacity 5430K, committed 5464K, reserved 1048576K
}
Event: 12.652 GC heap before
{Heap before GC invocations=13 (full 2):
 PSYoungGen      total 79360K, used 76873K [0x00000000e0000000, 0x00000000e5c00000, 0x0000000100000000)
  eden space 71680K, 100% used [0x00000000e0000000,0x00000000e4600000,0x00000000e4600000)
  from space 7680K, 67% used [0x00000000e5480000,0x00000000e5992690,0x00000000e5c00000)
  to   space 11264K, 0% used [0x00000000e4600000,0x00000000e4600000,0x00000000e5100000)
 ParOldGen       total 115712K, used 15902K [0x00000000a0000000, 0x00000000a7100000, 0x00000000e0000000)
  object space 115712K, 13% used [0x00000000a0000000,0x00000000a0f87a40,0x00000000a7100000)
 Metaspace       used 42369K, capacity 43348K, committed 43608K, reserved 1087488K
  class space    used 5648K, capacity 5953K, committed 5976K, reserved 1048576K
Event: 12.667 GC heap after
Heap after GC invocations=13 (full 2):
 PSYoungGen      total 82944K, used 11238K [0x00000000e0000000, 0x00000000e6b80000, 0x0000000100000000)
  eden space 71680K, 0% used [0x00000000e0000000,0x00000000e0000000,0x00000000e4600000)
  from space 11264K, 99% used [0x00000000e4600000,0x00000000e50f98a8,0x00000000e5100000)
  to   space 12800K, 0% used [0x00000000e5f00000,0x00000000e5f00000,0x00000000e6b80000)
 ParOldGen       total 115712K, used 16449K [0x00000000a0000000, 0x00000000a7100000, 0x00000000e0000000)
  object space 115712K, 14% used [0x00000000a0000000,0x00000000a10107f8,0x00000000a7100000)
 Metaspace       used 42369K, capacity 43348K, committed 43608K, reserved 1087488K
  class space    used 5648K, capacity 5953K, committed 5976K, reserved 1048576K
}
Event: 14.714 GC heap before
{Heap before GC invocations=14 (full 2):
 PSYoungGen      total 82944K, used 82918K [0x00000000e0000000, 0x00000000e6b80000, 0x0000000100000000)
  eden space 71680K, 100% used [0x00000000e0000000,0x00000000e4600000,0x00000000e4600000)
  from space 11264K, 99% used [0x00000000e4600000,0x00000000e50f98a8,0x00000000e5100000)
  to   space 12800K, 0% used [0x00000000e5f00000,0x00000000e5f00000,0x00000000e6b80000)
 ParOldGen       total 115712K, used 16449K [0x00000000a0000000, 0x00000000a7100000, 0x00000000e0000000)
  object space 115712K, 14% used [0x00000000a0000000,0x00000000a10107f8,0x00000000a7100000)
 Metaspace       used 48908K, capacity 50192K, committed 50520K, reserved 1093632K
  class space    used 6527K, capacity 6891K, committed 7000K, reserved 1048576K
Event: 14.738 GC heap after
Heap after GC invocations=14 (full 2):
 PSYoungGen      total 95232K, used 12779K [0x00000000e0000000, 0x00000000e6f80000, 0x0000000100000000)
  eden space 82432K, 0% used [0x00000000e0000000,0x00000000e0000000,0x00000000e5080000)
  from space 12800K, 99% used [0x00000000e5f00000,0x00000000e6b7ad68,0x00000000e6b80000)
  to   space 14848K, 0% used [0x00000000e5080000,0x00000000e5080000,0x00000000e5f00000)
 ParOldGen       total 115712K, used 18667K [0x00000000a0000000, 0x00000000a7100000, 0x00000000e0000000)
  object space 115712K, 16% used [0x00000000a0000000,0x00000000a123afc8,0x00000000a7100000)
 Metaspace       used 48908K, capacity 50192K, committed 50520K, reserved 1093632K
  class space    used 6527K, capacity 6891K, committed 7000K, reserved 1048576K
}
Event: 17.170 GC heap before
{Heap before GC invocations=15 (full 2):
 PSYoungGen      total 95232K, used 95209K [0x00000000e0000000, 0x00000000e6f80000, 0x0000000100000000)
  eden space 82432K, 99% used [0x00000000e0000000,0x00000000e507f6e0,0x00000000e5080000)
  from space 12800K, 99% used [0x00000000e5f00000,0x00000000e6b7ad68,0x00000000e6b80000)
  to   space 14848K, 0% used [0x00000000e5080000,0x00000000e5080000,0x00000000e5f00000)
 ParOldGen       total 115712K, used 18667K [0x00000000a0000000, 0x00000000a7100000, 0x00000000e0000000)
  object space 115712K, 16% used [0x00000000a0000000,0x00000000a123afc8,0x00000000a7100000)
 Metaspace       used 53703K, capacity 55424K, committed 55640K, reserved 1097728K
  class space    used 7260K, capacity 7681K, committed 7768K, reserved 1048576K
Event: 17.191 GC heap after
Heap after GC invocations=15 (full 2):
 PSYoungGen      total 97280K, used 14838K [0x00000000e0000000, 0x00000000e8380000, 0x0000000100000000)
  eden space 82432K, 0% used [0x00000000e0000000,0x00000000e0000000,0x00000000e5080000)
  from space 14848K, 99% used [0x00000000e5080000,0x00000000e5efdbb8,0x00000000e5f00000)
  to   space 18944K, 0% used [0x00000000e7100000,0x00000000e7100000,0x00000000e8380000)
 ParOldGen       total 115712K, used 23631K [0x00000000a0000000, 0x00000000a7100000, 0x00000000e0000000)
  object space 115712K, 20% used [0x00000000a0000000,0x00000000a1713da8,0x00000000a7100000)
 Metaspace       used 53703K, capacity 55424K, committed 55640K, reserved 1097728K
  class space    used 7260K, capacity 7681K, committed 7768K, reserved 1048576K
}

