# JRE version: OpenJDK Runtime Environment (8.0_152-b01) (build 1.8.0_152-release-915-b01)
# Java VM: OpenJDK 64-Bit Server VM (25.152-b01 mixed mode windows-amd64 compressed oops)
Heap:
 PSYoungGen      total 66560K, used 21160K [0x00000000e0000000, 0x00000000e5800000, 0x0000000100000000)
  eden space 55296K, 21% used [0x00000000e0000000,0x00000000e0b97150,0x00000000e3600000)
  from space 11264K, 82% used [0x00000000e3600000,0x00000000e3f13128,0x00000000e4100000)
  to   space 11776K, 0% used [0x00000000e4c80000,0x00000000e4c80000,0x00000000e5800000)
 ParOldGen       total 122880K, used 16119K [0x00000000a0000000, 0x00000000a7800000, 0x00000000e0000000)
  object space 122880K, 13% used [0x00000000a0000000,0x00000000a0fbdd68,0x00000000a7800000)
 Metaspace       used 41564K, capacity 42478K, committed 42712K, reserved 1085440K
  class space    used 5539K, capacity 5833K, committed 5848K, reserved 1048576K
GC Heap History (10 events):
Event: 9.359 GC heap before
{Heap before GC invocations=9 (full 1):
 PSYoungGen      total 51200K, used 48067K [0x00000000e0000000, 0x00000000e4580000, 0x0000000100000000)
  eden space 40448K, 100% used [0x00000000e0000000,0x00000000e2780000,0x00000000e2780000)
  from space 10752K, 70% used [0x00000000e2780000,0x00000000e2ef0c10,0x00000000e3200000)
  to   space 10752K, 0% used [0x00000000e3b00000,0x00000000e3b00000,0x00000000e4580000)
 ParOldGen       total 72704K, used 8924K [0x00000000a0000000, 0x00000000a4700000, 0x00000000e0000000)
  object space 72704K, 12% used [0x00000000a0000000,0x00000000a08b71f0,0x00000000a4700000)
 Metaspace       used 30392K, capacity 31052K, committed 31360K, reserved 1077248K
  class space    used 4123K, capacity 4355K, committed 4480K, reserved 1048576K
Event: 9.367 GC heap after
Heap after GC invocations=9 (full 1):
 PSYoungGen      total 58368K, used 6096K [0x00000000e0000000, 0x00000000e4400000, 0x0000000100000000)
  eden space 49152K, 0% used [0x00000000e0000000,0x00000000e0000000,0x00000000e3000000)
  from space 9216K, 66% used [0x00000000e3b00000,0x00000000e40f4020,0x00000000e4400000)
  to   space 10240K, 0% used [0x00000000e3000000,0x00000000e3000000,0x00000000e3a00000)
 ParOldGen       total 72704K, used 8932K [0x00000000a0000000, 0x00000000a4700000, 0x00000000e0000000)
  object space 72704K, 12% used [0x00000000a0000000,0x00000000a08b91f0,0x00000000a4700000)
 Metaspace       used 30392K, capacity 31052K, committed 31360K, reserved 1077248K
  class space    used 4123K, capacity 4355K, committed 4480K, reserved 1048576K
}
Event: 11.741 GC heap before
{Heap before GC invocations=10 (full 1):
 PSYoungGen      total 58368K, used 46451K [0x00000000e0000000, 0x00000000e4400000, 0x0000000100000000)
  eden space 49152K, 82% used [0x00000000e0000000,0x00000000e2768e78,0x00000000e3000000)
  from space 9216K, 66% used [0x00000000e3b00000,0x00000000e40f4020,0x00000000e4400000)
  to   space 10240K, 0% used [0x00000000e3000000,0x00000000e3000000,0x00000000e3a00000)
 ParOldGen       total 72704K, used 8932K [0x00000000a0000000, 0x00000000a4700000, 0x00000000e0000000)
  object space 72704K, 12% used [0x00000000a0000000,0x00000000a08b91f0,0x00000000a4700000)
 Metaspace       used 34494K, capacity 35226K, committed 35416K, reserved 1079296K
  class space    used 4676K, capacity 4925K, committed 4952K, reserved 1048576K
Event: 11.758 GC heap after
Heap after GC invocations=10 (full 1):
 PSYoungGen      total 59392K, used 9833K [0x00000000e0000000, 0x00000000e4c00000, 0x0000000100000000)
  eden space 49152K, 0% used [0x00000000e0000000,0x00000000e0000000,0x00000000e3000000)
  from space 10240K, 96% used [0x00000000e3000000,0x00000000e399a588,0x00000000e3a00000)
  to   space 11264K, 0% used [0x00000000e4100000,0x00000000e4100000,0x00000000e4c00000)
 ParOldGen       total 72704K, used 9004K [0x00000000a0000000, 0x00000000a4700000, 0x00000000e0000000)
  object space 72704K, 12% used [0x00000000a0000000,0x00000000a08cb200,0x00000000a4700000)
 Metaspace       used 34494K, capacity 35226K, committed 35416K, reserved 1079296K
  class space    used 4676K, capacity 4925K, committed 4952K, reserved 1048576K
}
Event: 11.758 GC heap before
{Heap before GC invocations=11 (full 2):
 PSYoungGen      total 59392K, used 9833K [0x00000000e0000000, 0x00000000e4c00000, 0x0000000100000000)
  eden space 49152K, 0% used [0x00000000e0000000,0x00000000e0000000,0x00000000e3000000)
  from space 10240K, 96% used [0x00000000e3000000,0x00000000e399a588,0x00000000e3a00000)
  to   space 11264K, 0% used [0x00000000e4100000,0x00000000e4100000,0x00000000e4c00000)
 ParOldGen       total 72704K, used 9004K [0x00000000a0000000, 0x00000000a4700000, 0x00000000e0000000)
  object space 72704K, 12% used [0x00000000a0000000,0x00000000a08cb200,0x00000000a4700000)
 Metaspace       used 34494K, capacity 35226K, committed 35416K, reserved 1079296K
  class space    used 4676K, capacity 4925K, committed 4952K, reserved 1048576K
Event: 11.852 GC heap after
Heap after GC invocations=11 (full 2):
 PSYoungGen      total 59392K, used 0K [0x00000000e0000000, 0x00000000e4c00000, 0x0000000100000000)
  eden space 49152K, 0% used [0x00000000e0000000,0x00000000e0000000,0x00000000e3000000)
  from space 10240K, 0% used [0x00000000e3000000,0x00000000e3000000,0x00000000e3a00000)
  to   space 11264K, 0% used [0x00000000e4100000,0x00000000e4100000,0x00000000e4c00000)
 ParOldGen       total 122880K, used 16103K [0x00000000a0000000, 0x00000000a7800000, 0x00000000e0000000)
  object space 122880K, 13% used [0x00000000a0000000,0x00000000a0fb9d68,0x00000000a7800000)
 Metaspace       used 34494K, capacity 35226K, committed 35416K, reserved 1079296K
  class space    used 4676K, capacity 4925K, committed 4952K, reserved 1048576K
}
Event: 12.579 GC heap before
{Heap before GC invocations=12 (full 2):
 PSYoungGen      total 59392K, used 49152K [0x00000000e0000000, 0x00000000e4c00000, 0x0000000100000000)
  eden space 49152K, 100% used [0x00000000e0000000,0x00000000e3000000,0x00000000e3000000)
  from space 10240K, 0% used [0x00000000e3000000,0x00000000e3000000,0x00000000e3a00000)
  to   space 11264K, 0% used [0x00000000e4100000,0x00000000e4100000,0x00000000e4c00000)
 ParOldGen       total 122880K, used 16103K [0x00000000a0000000, 0x00000000a7800000, 0x00000000e0000000)
  object space 122880K, 13% used [0x00000000a0000000,0x00000000a0fb9d68,0x00000000a7800000)
 Metaspace       used 37860K, capacity 38618K, committed 38872K, reserved 1083392K
  class space    used 5072K, capacity 5331K, committed 5336K, reserved 1048576K
Event: 12.590 GC heap after
Heap after GC invocations=12 (full 2):
 PSYoungGen      total 66560K, used 4238K [0x00000000e0000000, 0x00000000e4e80000, 0x0000000100000000)
  eden space 55296K, 0% used [0x00000000e0000000,0x00000000e0000000,0x00000000e3600000)
  from space 11264K, 37% used [0x00000000e4100000,0x00000000e45238a8,0x00000000e4c00000)
  to   space 11264K, 0% used [0x00000000e3600000,0x00000000e3600000,0x00000000e4100000)
 ParOldGen       total 122880K, used 16111K [0x00000000a0000000, 0x00000000a7800000, 0x00000000e0000000)
  object space 122880K, 13% used [0x00000000a0000000,0x00000000a0fbbd68,0x00000000a7800000)
 Metaspace       used 37860K, capacity 38618K, committed 38872K, reserved 1083392K
  class space    used 5072K, capacity 5331K, committed 5336K, reserved 1048576K
}
Event: 13.534 GC heap before
{Heap before GC invocations=13 (full 2):
 PSYoungGen      total 66560K, used 59534K [0x00000000e0000000, 0x00000000e4e80000, 0x0000000100000000)
  eden space 55296K, 100% used [0x00000000e0000000,0x00000000e3600000,0x00000000e3600000)
  from space 11264K, 37% used [0x00000000e4100000,0x00000000e45238a8,0x00000000e4c00000)
  to   space 11264K, 0% used [0x00000000e3600000,0x00000000e3600000,0x00000000e4100000)
 ParOldGen       total 122880K, used 16111K [0x00000000a0000000, 0x00000000a7800000, 0x00000000e0000000)
  object space 122880K, 13% used [0x00000000a0000000,0x00000000a0fbbd68,0x00000000a7800000)
 Metaspace       used 41399K, capacity 42262K, committed 42712K, reserved 1085440K
  class space    used 5510K, capacity 5762K, committed 5848K, reserved 1048576K
Event: 13.550 GC heap after
Heap after GC invocations=13 (full 2):
 PSYoungGen      total 66560K, used 9292K [0x00000000e0000000, 0x00000000e5800000, 0x0000000100000000)
  eden space 55296K, 0% used [0x00000000e0000000,0x00000000e0000000,0x00000000e3600000)
  from space 11264K, 82% used [0x00000000e3600000,0x00000000e3f13128,0x00000000e4100000)
  to   space 11776K, 0% used [0x00000000e4c80000,0x00000000e4c80000,0x00000000e5800000)
 ParOldGen       total 122880K, used 16119K [0x00000000a0000000, 0x00000000a7800000, 0x00000000e0000000)
  object space 122880K, 13% used [0x00000000a0000000,0x00000000a0fbdd68,0x00000000a7800000)
 Metaspace       used 41399K, capacity 42262K, committed 42712K, reserved 1085440K
  class space    used 5510K, capacity 5762K, committed 5848K, reserved 1048576K
}

